D:\PROJECT\ALGORITHM\ALGORITHM\DEBUG\ALGORITHM.EXE.INTERMEDIATE.MANIFEST
D:\PROJECT\ALGORITHM\ALGORITHM\DEBUG\MAIN.OBJ
D:\PROJECT\ALGORITHM\ALGORITHM\DEBUG\VC100.PDB
D:\PROJECT\ALGORITHM\DEBUG\ALGORITHM.EXE
D:\PROJECT\ALGORITHM\DEBUG\ALGORITHM.ILK
D:\PROJECT\ALGORITHM\DEBUG\ALGORITHM.PDB
D:\SKYDRIVE\PROJECT\ALGORITHM\ALGORITHM\DEBUG\ALGORITHM.EXE.INTERMEDIATE.MANIFEST
D:\SkyDrive\project\Algorithm\Algorithm\Debug\cl.command.1.tlog
D:\SkyDrive\project\Algorithm\Algorithm\Debug\CL.read.1.tlog
D:\SkyDrive\project\Algorithm\Algorithm\Debug\CL.write.1.tlog
D:\SkyDrive\project\Algorithm\Algorithm\Debug\link.command.1.tlog
D:\SkyDrive\project\Algorithm\Algorithm\Debug\link.read.1.tlog
D:\SkyDrive\project\Algorithm\Algorithm\Debug\link.write.1.tlog
D:\SKYDRIVE\PROJECT\ALGORITHM\ALGORITHM\DEBUG\MAIN.OBJ
D:\SkyDrive\project\Algorithm\Algorithm\Debug\mt.command.1.tlog
D:\SkyDrive\project\Algorithm\Algorithm\Debug\mt.read.1.tlog
D:\SkyDrive\project\Algorithm\Algorithm\Debug\mt.write.1.tlog
D:\SkyDrive\project\Algorithm\Algorithm\Debug\vc100.idb
D:\SKYDRIVE\PROJECT\ALGORITHM\ALGORITHM\DEBUG\VC100.PDB
D:\SKYDRIVE\PROJECT\ALGORITHM\DEBUG\ALGORITHM.EXE
D:\SKYDRIVE\PROJECT\ALGORITHM\DEBUG\ALGORITHM.ILK
D:\SKYDRIVE\PROJECT\ALGORITHM\DEBUG\ALGORITHM.PDB
